<?xml version="1.0" encoding="UTF-8"?>
<!-- Generated by org.testng.reporters.JUnitReportReporter -->
<testsuite hostname="Ruchirs-MacBook-Air.local" failures="0" tests="1" name="com.acti.driver.DriverManager" time="12.855" errors="0" timestamp="2023-08-08T22:31:59 EDT" skipped="0">
  <testcase classname="com.acti.driver.DriverManager" name="initApplication" time="12.855"/>
  <system-out/>
</testsuite> <!-- com.acti.driver.DriverManager -->
