<?xml version="1.0" encoding="UTF-8"?>
<!-- Generated by org.testng.reporters.JUnitReportReporter -->
<testsuite hostname="Ruchirs-MacBook-Air.local" failures="0" tests="4" name="com.acti.testcases.LoginPageTest" time="44.491" errors="0" timestamp="2023-08-14T22:41:29 EDT" skipped="0">
  <testcase classname="com.acti.testcases.LoginPageTest" name="testLoginPageTitle" time="8.588"/>
  <system-out/>
  <testcase classname="com.acti.testcases.LoginPageTest" name="testActiLogoDisplayed" time="8.659"/>
  <system-out/>
  <testcase classname="com.acti.testcases.LoginPageTest" name="testActiLinkDisplayed" time="8.497"/>
  <system-out/>
  <testcase classname="com.acti.testcases.LoginPageTest" name="testLoginFunction" time="18.747"/>
  <system-out/>
</testsuite> <!-- com.acti.testcases.LoginPageTest -->
